2025-11-13 09:59:50, MOVE, v:1, k:poo@lapiseira, mode:PICK
2025-11-13 09:59:52, EXEC, v:1, k:poo@lapiseira, mode:FULL, rate:42
2025-11-13 10:01:32, EXEC, v:1, k:poo@lapiseira, mode:FULL, rate:42, size:97
2025-11-13 10:04:44, EXEC, v:1, k:poo@lapiseira, mode:FULL, rate:42, size:97
2025-11-13 10:07:29, MOVE, v:1, k:poo@lapiseira, mode:BACK
2025-11-13 10:07:29, MOVE, v:1, k:poo@lapiseira, mode:PICK
2025-11-13 10:07:32, EXEC, v:1, k:poo@lapiseira, mode:FULL, rate:42
2025-11-13 10:07:36, EXEC, v:1, k:poo@lapiseira, mode:FULL, rate:42
2025-11-13 10:07:42, EXEC, v:1, k:poo@lapiseira, mode:FULL, rate:42
2025-11-13 10:07:46, EXEC, v:1, k:poo@lapiseira, mode:FULL, rate:42
2025-11-13 10:07:49, EXEC, v:1, k:poo@lapiseira, mode:FULL, rate:42
2025-11-13 10:07:52, EXEC, v:1, k:poo@lapiseira, mode:FULL, rate:42
2025-11-13 10:07:52, MOVE, v:1, k:poo@lapiseira, mode:BACK
2025-11-13 10:07:52, MOVE, v:1, k:poo@lapiseira, mode:PICK
2025-11-13 10:07:52, MOVE, v:1, k:poo@lapiseira, mode:BACK
2025-11-13 10:08:54, MOVE, v:1, k:poo@lapiseira, mode:PICK
2025-11-13 10:08:57, EXEC, v:1, k:poo@lapiseira, mode:FULL, rate:35, size:97
2025-11-13 10:09:26, EXEC, v:1, k:poo@lapiseira, mode:FULL, rate:85, size:97
2025-11-13 10:10:50, EXEC, v:1, k:poo@lapiseira, mode:FULL, rate:85, size:97
2025-11-13 10:11:12, EXEC, v:1, k:poo@lapiseira, mode:FULL, rate:85, size:97
2025-11-13 10:13:31, EXEC, v:1, k:poo@lapiseira, mode:FULL, rate:85
2025-11-13 10:18:31, EXEC, v:1, k:poo@lapiseira, mode:FULL, rate:85
2025-11-13 10:19:24, MOVE, v:1, k:poo@lapiseira, mode:BACK
2025-11-13 10:19:34, MOVE, v:1, k:poo@pula-pula, mode:DOWN
2025-11-13 10:19:35, MOVE, v:1, k:poo@pula-pula, mode:PICK
2025-11-13 10:19:37, MOVE, v:1, k:poo@pula-pula, mode:BACK
